WARNING 2026-06-09 16:47:07,655 log Not Found: /
WARNING 2026-06-09 16:47:07,656 basehttp "GET / HTTP/1.1" 404 3221
ERROR 2026-06-09 16:56:24,810 log Internal Server Error: /api/v1/reports/monthly-revenue/
ERROR 2026-06-09 16:56:24,824 basehttp "GET /api/v1/reports/monthly-revenue/ HTTP/1.1" 500 60
ERROR 2026-06-09 16:56:24,827 log Internal Server Error: /api/v1/reports/dashboard/
ERROR 2026-06-09 16:56:24,839 log Internal Server Error: /api/v1/reports/payment-methods/
ERROR 2026-06-09 16:56:24,845 basehttp "GET /api/v1/reports/payment-methods/ HTTP/1.1" 500 60
ERROR 2026-06-09 16:56:24,844 basehttp "GET /api/v1/reports/dashboard/ HTTP/1.1" 500 60
ERROR 2026-06-09 16:56:25,961 log Internal Server Error: /api/v1/reports/monthly-revenue/
ERROR 2026-06-09 16:56:25,962 basehttp "GET /api/v1/reports/monthly-revenue/ HTTP/1.1" 500 60
ERROR 2026-06-09 16:56:26,056 log Internal Server Error: /api/v1/reports/dashboard/
ERROR 2026-06-09 16:56:26,059 basehttp "GET /api/v1/reports/dashboard/ HTTP/1.1" 500 60
ERROR 2026-06-09 16:56:26,069 log Internal Server Error: /api/v1/reports/payment-methods/
ERROR 2026-06-09 16:56:26,070 basehttp "GET /api/v1/reports/payment-methods/ HTTP/1.1" 500 60
ERROR 2026-06-09 16:56:30,068 log Internal Server Error: /api/v1/projects/
ERROR 2026-06-09 16:56:30,082 basehttp "GET /api/v1/projects/?search=&page=1 HTTP/1.1" 500 60
ERROR 2026-06-09 16:56:30,087 log Internal Server Error: /api/v1/projects/packages/
ERROR 2026-06-09 16:56:30,088 basehttp "GET /api/v1/projects/packages/ HTTP/1.1" 500 60
ERROR 2026-06-09 16:56:31,174 log Internal Server Error: /api/v1/projects/
ERROR 2026-06-09 16:56:31,175 basehttp "GET /api/v1/projects/?search=&page=1 HTTP/1.1" 500 60
ERROR 2026-06-09 16:56:31,232 log Internal Server Error: /api/v1/projects/packages/
ERROR 2026-06-09 16:56:31,234 basehttp "GET /api/v1/projects/packages/ HTTP/1.1" 500 60
ERROR 2026-06-09 16:56:32,812 log Internal Server Error: /api/v1/reports/payment-methods/
ERROR 2026-06-09 16:56:32,815 log Internal Server Error: /api/v1/reports/monthly-revenue/
ERROR 2026-06-09 16:56:32,819 basehttp "GET /api/v1/reports/payment-methods/ HTTP/1.1" 500 60
ERROR 2026-06-09 16:56:32,821 basehttp "GET /api/v1/reports/monthly-revenue/ HTTP/1.1" 500 60
ERROR 2026-06-09 16:56:32,839 log Internal Server Error: /api/v1/reports/dashboard/
ERROR 2026-06-09 16:56:32,840 basehttp "GET /api/v1/reports/dashboard/ HTTP/1.1" 500 60
ERROR 2026-06-09 16:56:33,957 log Internal Server Error: /api/v1/reports/payment-methods/
ERROR 2026-06-09 16:56:33,974 log Internal Server Error: /api/v1/reports/dashboard/
ERROR 2026-06-09 16:56:33,975 basehttp "GET /api/v1/reports/payment-methods/ HTTP/1.1" 500 60
ERROR 2026-06-09 16:56:33,979 basehttp "GET /api/v1/reports/dashboard/ HTTP/1.1" 500 60
ERROR 2026-06-09 16:56:33,989 log Internal Server Error: /api/v1/reports/monthly-revenue/
ERROR 2026-06-09 16:56:33,990 basehttp "GET /api/v1/reports/monthly-revenue/ HTTP/1.1" 500 60
ERROR 2026-06-09 16:56:50,663 log Internal Server Error: /api/v1/reports/dashboard/
ERROR 2026-06-09 16:56:50,674 basehttp "GET /api/v1/reports/dashboard/ HTTP/1.1" 500 60
ERROR 2026-06-09 16:56:50,687 log Internal Server Error: /api/v1/reports/monthly-revenue/
ERROR 2026-06-09 16:56:50,687 basehttp "GET /api/v1/reports/monthly-revenue/ HTTP/1.1" 500 60
ERROR 2026-06-09 16:56:50,696 log Internal Server Error: /api/v1/reports/payment-methods/
ERROR 2026-06-09 16:56:50,702 basehttp "GET /api/v1/reports/payment-methods/ HTTP/1.1" 500 60
ERROR 2026-06-09 16:56:51,745 log Internal Server Error: /api/v1/reports/dashboard/
ERROR 2026-06-09 16:56:51,745 basehttp "GET /api/v1/reports/dashboard/ HTTP/1.1" 500 60
ERROR 2026-06-09 16:56:51,859 log Internal Server Error: /api/v1/reports/monthly-revenue/
ERROR 2026-06-09 16:56:51,860 basehttp "GET /api/v1/reports/monthly-revenue/ HTTP/1.1" 500 60
ERROR 2026-06-09 16:56:51,903 log Internal Server Error: /api/v1/reports/payment-methods/
ERROR 2026-06-09 16:56:51,907 basehttp "GET /api/v1/reports/payment-methods/ HTTP/1.1" 500 60
ERROR 2026-06-09 16:57:06,065 log Internal Server Error: /api/v1/projects/
ERROR 2026-06-09 16:57:06,068 basehttp "GET /api/v1/projects/?search=&page=1 HTTP/1.1" 500 60
ERROR 2026-06-09 16:57:06,086 log Internal Server Error: /api/v1/projects/packages/
ERROR 2026-06-09 16:57:06,088 basehttp "GET /api/v1/projects/packages/ HTTP/1.1" 500 60
ERROR 2026-06-09 16:57:07,274 log Internal Server Error: /api/v1/projects/packages/
ERROR 2026-06-09 16:57:07,279 log Internal Server Error: /api/v1/projects/
ERROR 2026-06-09 16:57:07,280 basehttp "GET /api/v1/projects/packages/ HTTP/1.1" 500 60
ERROR 2026-06-09 16:57:07,281 basehttp "GET /api/v1/projects/?search=&page=1 HTTP/1.1" 500 60
ERROR 2026-06-09 16:57:32,491 log Internal Server Error: /api/v1/buildings/
ERROR 2026-06-09 16:57:32,492 log Internal Server Error: /api/v1/projects/
ERROR 2026-06-09 16:57:32,493 basehttp "GET /api/v1/buildings/?search=&page=1 HTTP/1.1" 500 60
ERROR 2026-06-09 16:57:32,494 basehttp "GET /api/v1/projects/?page_size=100 HTTP/1.1" 500 60
ERROR 2026-06-09 16:57:33,638 log Internal Server Error: /api/v1/buildings/
ERROR 2026-06-09 16:57:33,639 basehttp "GET /api/v1/buildings/?search=&page=1 HTTP/1.1" 500 60
ERROR 2026-06-09 16:57:33,738 log Internal Server Error: /api/v1/projects/
ERROR 2026-06-09 16:57:33,743 basehttp "GET /api/v1/projects/?page_size=100 HTTP/1.1" 500 60
ERROR 2026-06-09 16:57:34,077 log Internal Server Error: /api/v1/meters/
ERROR 2026-06-09 16:57:34,079 basehttp "GET /api/v1/meters/?search=&page=1 HTTP/1.1" 500 60
ERROR 2026-06-09 16:57:34,117 log Internal Server Error: /api/v1/units/
ERROR 2026-06-09 16:57:34,119 basehttp "GET /api/v1/units/?status=Active&page_size=500 HTTP/1.1" 500 60
ERROR 2026-06-09 16:57:35,176 log Internal Server Error: /api/v1/meters/
ERROR 2026-06-09 16:57:35,176 basehttp "GET /api/v1/meters/?search=&page=1 HTTP/1.1" 500 60
ERROR 2026-06-09 16:57:35,210 log Internal Server Error: /api/v1/units/
ERROR 2026-06-09 16:57:35,211 basehttp "GET /api/v1/units/?status=Active&page_size=500 HTTP/1.1" 500 60
ERROR 2026-06-09 16:57:36,969 log Internal Server Error: /api/v1/projects/
ERROR 2026-06-09 16:57:36,973 basehttp "GET /api/v1/projects/?page_size=100 HTTP/1.1" 500 60
ERROR 2026-06-09 16:57:36,976 log Internal Server Error: /api/v1/billing/
ERROR 2026-06-09 16:57:36,977 basehttp "GET /api/v1/billing/?search=&page=1 HTTP/1.1" 500 60
ERROR 2026-06-09 16:57:38,091 log Internal Server Error: /api/v1/projects/
ERROR 2026-06-09 16:57:38,092 basehttp "GET /api/v1/projects/?page_size=100 HTTP/1.1" 500 60
ERROR 2026-06-09 16:57:38,181 log Internal Server Error: /api/v1/billing/
ERROR 2026-06-09 16:57:38,184 basehttp "GET /api/v1/billing/?search=&page=1 HTTP/1.1" 500 60
ERROR 2026-06-09 16:57:58,636 log Internal Server Error: /api/v1/projects/packages/
ERROR 2026-06-09 16:57:58,636 basehttp "GET /api/v1/projects/packages/ HTTP/1.1" 500 60
ERROR 2026-06-09 16:57:58,662 log Internal Server Error: /api/v1/projects/
ERROR 2026-06-09 16:57:58,663 basehttp "GET /api/v1/projects/?search=&page=1 HTTP/1.1" 500 60
ERROR 2026-06-09 16:57:59,810 log Internal Server Error: /api/v1/projects/packages/
ERROR 2026-06-09 16:57:59,811 basehttp "GET /api/v1/projects/packages/ HTTP/1.1" 500 60
ERROR 2026-06-09 16:57:59,858 log Internal Server Error: /api/v1/projects/
ERROR 2026-06-09 16:57:59,859 basehttp "GET /api/v1/projects/?search=&page=1 HTTP/1.1" 500 60
ERROR 2026-06-09 16:58:24,938 log Internal Server Error: /api/v1/projects/packages/
ERROR 2026-06-09 16:58:24,939 basehttp "POST /api/v1/projects/packages/ HTTP/1.1" 500 60
ERROR 2026-06-09 16:58:26,335 log Internal Server Error: /api/v1/projects/packages/
ERROR 2026-06-09 16:58:26,336 basehttp "POST /api/v1/projects/packages/ HTTP/1.1" 500 60
ERROR 2026-06-09 16:58:27,415 log Internal Server Error: /api/v1/projects/packages/
ERROR 2026-06-09 16:58:27,416 basehttp "POST /api/v1/projects/packages/ HTTP/1.1" 500 60
ERROR 2026-06-09 16:59:20,500 log Internal Server Error: /api/v1/projects/
ERROR 2026-06-09 16:59:20,510 basehttp "GET /api/v1/projects/?search=&page=1 HTTP/1.1" 500 60
ERROR 2026-06-09 16:59:20,541 log Internal Server Error: /api/v1/projects/packages/
ERROR 2026-06-09 16:59:20,547 basehttp "GET /api/v1/projects/packages/ HTTP/1.1" 500 60
ERROR 2026-06-09 16:59:21,664 log Internal Server Error: /api/v1/projects/
ERROR 2026-06-09 16:59:21,665 basehttp "GET /api/v1/projects/?search=&page=1 HTTP/1.1" 500 60
ERROR 2026-06-09 16:59:21,787 log Internal Server Error: /api/v1/projects/packages/
ERROR 2026-06-09 16:59:21,789 basehttp "GET /api/v1/projects/packages/ HTTP/1.1" 500 60
WARNING 2026-06-10 11:30:18,922 log Not Found: /
WARNING 2026-06-10 11:30:18,926 basehttp "GET / HTTP/1.1" 404 3221
WARNING 2026-06-10 12:10:27,121 log Not Found: /
WARNING 2026-06-10 12:10:27,124 basehttp "GET / HTTP/1.1" 404 3221
ERROR 2026-06-10 17:47:16,499 log Internal Server Error: /api/v1/auth/staff/
ERROR 2026-06-10 17:47:16,500 basehttp "POST /api/v1/auth/staff/ HTTP/1.1" 500 60
ERROR 2026-06-10 17:47:21,671 log Internal Server Error: /api/v1/auth/staff/
ERROR 2026-06-10 17:47:21,671 basehttp "POST /api/v1/auth/staff/ HTTP/1.1" 500 60
ERROR 2026-06-10 17:48:57,702 log Internal Server Error: /api/v1/auth/staff/
ERROR 2026-06-10 17:48:57,703 basehttp "POST /api/v1/auth/staff/ HTTP/1.1" 500 60
ERROR 2026-06-10 17:49:17,633 log Internal Server Error: /api/v1/auth/staff/
ERROR 2026-06-10 17:49:17,633 basehttp "POST /api/v1/auth/staff/ HTTP/1.1" 500 60
ERROR 2026-06-10 17:50:43,414 log Internal Server Error: /api/v1/auth/staff/
ERROR 2026-06-10 17:50:43,415 basehttp "POST /api/v1/auth/staff/ HTTP/1.1" 500 60
WARNING 2026-06-11 11:57:01,061 log Unauthorized: /api/v1/reports/payment-methods/
WARNING 2026-06-11 11:57:01,069 basehttp "GET /api/v1/reports/payment-methods/ HTTP/1.1" 401 483
WARNING 2026-06-11 11:57:01,062 log Unauthorized: /api/v1/reports/monthly-revenue/
WARNING 2026-06-11 11:57:01,079 basehttp "GET /api/v1/reports/monthly-revenue/ HTTP/1.1" 401 483
WARNING 2026-06-11 11:57:01,065 log Unauthorized: /api/v1/reports/dashboard/
WARNING 2026-06-11 11:57:01,088 basehttp "GET /api/v1/reports/dashboard/ HTTP/1.1" 401 483
ERROR 2026-06-11 12:43:41,054 log Internal Server Error: /api/v1/billing/
ERROR 2026-06-11 12:43:41,057 basehttp "POST /api/v1/billing/ HTTP/1.1" 500 60
ERROR 2026-06-11 12:43:57,609 log Internal Server Error: /api/v1/billing/
ERROR 2026-06-11 12:43:57,610 basehttp "POST /api/v1/billing/ HTTP/1.1" 500 60
ERROR 2026-06-11 12:43:58,630 log Internal Server Error: /api/v1/billing/
ERROR 2026-06-11 12:43:58,630 basehttp "POST /api/v1/billing/ HTTP/1.1" 500 60
WARNING 2026-06-11 18:08:53,224 log Forbidden: /api/v1/meters/
WARNING 2026-06-11 18:08:53,225 basehttp "GET /api/v1/meters/?search=&page=1 HTTP/1.1" 403 100
ERROR 2026-06-11 18:10:15,564 log Internal Server Error: /api/v1/billing/
ERROR 2026-06-11 18:10:15,565 basehttp "POST /api/v1/billing/ HTTP/1.1" 500 60
ERROR 2026-06-11 18:10:26,065 log Internal Server Error: /api/v1/billing/
ERROR 2026-06-11 18:10:26,066 basehttp "POST /api/v1/billing/ HTTP/1.1" 500 60
WARNING 2026-06-14 11:54:32,451 log Unauthorized: /api/v1/reports/payment-methods/
WARNING 2026-06-14 11:54:32,452 log Unauthorized: /api/v1/reports/monthly-revenue/
WARNING 2026-06-14 11:54:32,457 basehttp "GET /api/v1/reports/monthly-revenue/ HTTP/1.1" 401 483
WARNING 2026-06-14 11:54:32,455 basehttp "GET /api/v1/reports/payment-methods/ HTTP/1.1" 401 483
WARNING 2026-06-14 11:54:32,456 log Unauthorized: /api/v1/reports/dashboard/
WARNING 2026-06-14 11:54:32,467 basehttp "GET /api/v1/reports/dashboard/ HTTP/1.1" 401 483
ERROR 2026-06-14 11:59:33,147 log Internal Server Error: /api/v1/billing/
ERROR 2026-06-14 11:59:33,147 basehttp "POST /api/v1/billing/ HTTP/1.1" 500 60
ERROR 2026-06-14 11:59:35,057 log Internal Server Error: /api/v1/billing/
ERROR 2026-06-14 11:59:35,058 basehttp "POST /api/v1/billing/ HTTP/1.1" 500 60
WARNING 2026-06-14 12:03:27,741 log Not Found: /api/v1/billing/NaN/
WARNING 2026-06-14 12:03:27,742 basehttp "GET /api/v1/billing/NaN/ HTTP/1.1" 404 3690
ERROR 2026-06-14 12:03:27,776 log Internal Server Error: /api/v1/payments/
ERROR 2026-06-14 12:03:27,777 basehttp "GET /api/v1/payments/?bill=undefined HTTP/1.1" 500 60
WARNING 2026-06-14 12:03:28,876 log Not Found: /api/v1/billing/NaN/
WARNING 2026-06-14 12:03:28,877 basehttp "GET /api/v1/billing/NaN/ HTTP/1.1" 404 3690
ERROR 2026-06-14 12:03:29,010 log Internal Server Error: /api/v1/payments/
ERROR 2026-06-14 12:03:29,021 basehttp "GET /api/v1/payments/?bill=undefined HTTP/1.1" 500 60
WARNING 2026-06-15 11:45:59,104 log Unauthorized: /api/v1/reports/payment-methods/
WARNING 2026-06-15 11:45:59,106 log Unauthorized: /api/v1/reports/dashboard/
WARNING 2026-06-15 11:45:59,107 basehttp "GET /api/v1/reports/payment-methods/ HTTP/1.1" 401 483
WARNING 2026-06-15 11:45:59,117 log Unauthorized: /api/v1/reports/monthly-revenue/
WARNING 2026-06-15 11:45:59,123 basehttp "GET /api/v1/reports/dashboard/ HTTP/1.1" 401 483
WARNING 2026-06-15 11:45:59,129 basehttp "GET /api/v1/reports/monthly-revenue/ HTTP/1.1" 401 483
WARNING 2026-06-15 11:45:59,274 log Unauthorized: /api/v1/auth/token/refresh/
WARNING 2026-06-15 11:45:59,278 log Unauthorized: /api/v1/auth/token/refresh/
WARNING 2026-06-15 11:45:59,280 log Unauthorized: /api/v1/auth/token/refresh/
WARNING 2026-06-15 11:45:59,281 basehttp "POST /api/v1/auth/token/refresh/ HTTP/1.1" 401 119
WARNING 2026-06-15 11:45:59,283 basehttp "POST /api/v1/auth/token/refresh/ HTTP/1.1" 401 119
WARNING 2026-06-15 11:45:59,287 basehttp "POST /api/v1/auth/token/refresh/ HTTP/1.1" 401 119
WARNING 2026-06-15 12:06:54,055 log Bad Request: /api/v1/auth/otp/verify/
WARNING 2026-06-15 12:06:54,056 basehttp "POST /api/v1/auth/otp/verify/ HTTP/1.1" 400 34
WARNING 2026-06-15 12:06:56,458 log Bad Request: /api/v1/auth/otp/verify/
WARNING 2026-06-15 12:06:56,459 basehttp "POST /api/v1/auth/otp/verify/ HTTP/1.1" 400 34
WARNING 2026-06-15 12:07:02,761 log Bad Request: /api/v1/auth/otp/verify/
WARNING 2026-06-15 12:07:02,762 basehttp "POST /api/v1/auth/otp/verify/ HTTP/1.1" 400 34
WARNING 2026-06-15 15:26:27,045 log Not Found: /api/v1/billing/NaN/
WARNING 2026-06-15 15:26:27,046 basehttp "GET /api/v1/billing/NaN/ HTTP/1.1" 404 3804
ERROR 2026-06-15 15:26:27,076 log Internal Server Error: /api/v1/payments/
ERROR 2026-06-15 15:26:27,078 basehttp "GET /api/v1/payments/?bill=undefined HTTP/1.1" 500 60
WARNING 2026-06-15 15:26:28,116 log Not Found: /api/v1/billing/NaN/
WARNING 2026-06-15 15:26:28,118 basehttp "GET /api/v1/billing/NaN/ HTTP/1.1" 404 3804
ERROR 2026-06-15 15:26:28,239 log Internal Server Error: /api/v1/payments/
ERROR 2026-06-15 15:26:28,240 basehttp "GET /api/v1/payments/?bill=undefined HTTP/1.1" 500 60
WARNING 2026-06-16 11:38:01,948 log Unauthorized: /api/v1/projects/packages/
WARNING 2026-06-16 11:38:01,953 basehttp "GET /api/v1/projects/packages/ HTTP/1.1" 401 483
WARNING 2026-06-16 11:38:01,950 log Unauthorized: /api/v1/projects/
WARNING 2026-06-16 11:38:01,955 basehttp "GET /api/v1/projects/?search=&page=1 HTTP/1.1" 401 483
WARNING 2026-06-17 16:27:28,470 log Unauthorized: /api/v1/reports/monthly-revenue/
WARNING 2026-06-17 16:27:28,471 log Unauthorized: /api/v1/reports/payment-methods/
WARNING 2026-06-17 16:27:28,474 basehttp "GET /api/v1/reports/monthly-revenue/ HTTP/1.1" 401 483
WARNING 2026-06-17 16:27:28,476 log Unauthorized: /api/v1/reports/dashboard/
WARNING 2026-06-17 16:27:28,490 basehttp "GET /api/v1/reports/dashboard/ HTTP/1.1" 401 483
WARNING 2026-06-17 16:27:28,478 basehttp "GET /api/v1/reports/payment-methods/ HTTP/1.1" 401 483
WARNING 2026-06-17 16:27:28,647 log Unauthorized: /api/v1/auth/token/refresh/
WARNING 2026-06-17 16:27:28,649 log Unauthorized: /api/v1/auth/token/refresh/
WARNING 2026-06-17 16:27:28,651 basehttp "POST /api/v1/auth/token/refresh/ HTTP/1.1" 401 119
WARNING 2026-06-17 16:27:28,651 basehttp "POST /api/v1/auth/token/refresh/ HTTP/1.1" 401 119
WARNING 2026-06-17 16:27:28,652 log Unauthorized: /api/v1/auth/token/refresh/
WARNING 2026-06-17 16:27:28,661 basehttp "POST /api/v1/auth/token/refresh/ HTTP/1.1" 401 119
WARNING 2026-06-18 11:34:22,091 log Unauthorized: /api/v1/reports/payment-methods/
WARNING 2026-06-18 11:34:22,094 log Unauthorized: /api/v1/reports/monthly-revenue/
WARNING 2026-06-18 11:34:22,099 basehttp "GET /api/v1/reports/payment-methods/ HTTP/1.1" 401 483
WARNING 2026-06-18 11:34:22,094 log Unauthorized: /api/v1/reports/dashboard/
WARNING 2026-06-18 11:34:22,102 basehttp "GET /api/v1/reports/dashboard/ HTTP/1.1" 401 483
WARNING 2026-06-18 11:34:22,110 basehttp "GET /api/v1/reports/monthly-revenue/ HTTP/1.1" 401 483
WARNING 2026-06-23 10:43:31,000 log Unauthorized: /api/v1/projects/
WARNING 2026-06-23 10:43:31,005 log Unauthorized: /api/v1/buildings/
WARNING 2026-06-23 10:43:31,010 basehttp "GET /api/v1/projects/?page_size=100 HTTP/1.1" 401 483
WARNING 2026-06-23 10:43:31,012 basehttp "GET /api/v1/buildings/?search=&page=1 HTTP/1.1" 401 483
